# JRE version: OpenJDK Runtime Environment (8.0_152-b02) (build 1.8.0_152-release-1024-b02)
# Java VM: OpenJDK 64-Bit Server VM (25.152-b02 mixed mode windows-amd64 compressed oops)
Heap:
 PSYoungGen      total 171008K, used 123096K [0x00000000e0000000, 0x00000000eda80000, 0x0000000100000000)
  eden space 156160K, 71% used [0x00000000e0000000,0x00000000e6ccf730,0x00000000e9880000)
  from space 14848K, 78% used [0x00000000e9880000,0x00000000ea3e6cc8,0x00000000ea700000)
  to   space 14848K, 0% used [0x00000000ecc00000,0x00000000ecc00000,0x00000000eda80000)
 ParOldGen       total 132096K, used 132042K [0x00000000a0000000, 0x00000000a8100000, 0x00000000e0000000)
  object space 132096K, 99% used [0x00000000a0000000,0x00000000a80f29f0,0x00000000a8100000)
 Metaspace       used 62425K, capacity 64134K, committed 64472K, reserved 1105920K
  class space    used 8181K, capacity 8598K, committed 8704K, reserved 1048576K
GC Heap History (10 events):
Event: 35.167 GC heap before
{Heap before GC invocations=15 (full 2):
 PSYoungGen      total 171520K, used 147302K [0x00000000e0000000, 0x00000000ebc00000, 0x0000000100000000)
  eden space 156160K, 88% used [0x00000000e0000000,0x00000000e87385d0,0x00000000e9880000)
  from space 15360K, 57% used [0x00000000ea700000,0x00000000eafa15c0,0x00000000eb600000)
  to   space 14848K, 0% used [0x00000000e9880000,0x00000000e9880000,0x00000000ea700000)
 ParOldGen       total 80384K, used 28209K [0x00000000a0000000, 0x00000000a4e80000, 0x00000000e0000000)
  object space 80384K, 35% used [0x00000000a0000000,0x00000000a1b8c730,0x00000000a4e80000)
 Metaspace       used 57316K, capacity 58910K, committed 59028K, reserved 1099776K
  class space    used 7749K, capacity 8138K, committed 8192K, reserved 1048576K
Event: 35.182 GC heap after
Heap after GC invocations=15 (full 2):
 PSYoungGen      total 171008K, used 9823K [0x00000000e0000000, 0x00000000eda80000, 0x0000000100000000)
  eden space 156160K, 0% used [0x00000000e0000000,0x00000000e0000000,0x00000000e9880000)
  from space 14848K, 66% used [0x00000000e9880000,0x00000000ea217d48,0x00000000ea700000)
  to   space 14848K, 0% used [0x00000000ecc00000,0x00000000ecc00000,0x00000000eda80000)
 ParOldGen       total 80384K, used 28217K [0x00000000a0000000, 0x00000000a4e80000, 0x00000000e0000000)
  object space 80384K, 35% used [0x00000000a0000000,0x00000000a1b8e730,0x00000000a4e80000)
 Metaspace       used 57316K, capacity 58910K, committed 59028K, reserved 1099776K
  class space    used 7749K, capacity 8138K, committed 8192K, reserved 1048576K
}
Event: 35.182 GC heap before
{Heap before GC invocations=16 (full 3):
 PSYoungGen      total 171008K, used 9823K [0x00000000e0000000, 0x00000000eda80000, 0x0000000100000000)
  eden space 156160K, 0% used [0x00000000e0000000,0x00000000e0000000,0x00000000e9880000)
  from space 14848K, 66% used [0x00000000e9880000,0x00000000ea217d48,0x00000000ea700000)
  to   space 14848K, 0% used [0x00000000ecc00000,0x00000000ecc00000,0x00000000eda80000)
 ParOldGen       total 80384K, used 28217K [0x00000000a0000000, 0x00000000a4e80000, 0x00000000e0000000)
  object space 80384K, 35% used [0x00000000a0000000,0x00000000a1b8e730,0x00000000a4e80000)
 Metaspace       used 57316K, capacity 58910K, committed 59028K, reserved 1099776K
  class space    used 7749K, capacity 8138K, committed 8192K, reserved 1048576K
Event: 35.496 GC heap after
Heap after GC invocations=16 (full 3):
 PSYoungGen      total 171008K, used 0K [0x00000000e0000000, 0x00000000eda80000, 0x0000000100000000)
  eden space 156160K, 0% used [0x00000000e0000000,0x00000000e0000000,0x00000000e9880000)
  from space 14848K, 0% used [0x00000000e9880000,0x00000000e9880000,0x00000000ea700000)
  to   space 14848K, 0% used [0x00000000ecc00000,0x00000000ecc00000,0x00000000eda80000)
 ParOldGen       total 124928K, used 35125K [0x00000000a0000000, 0x00000000a7a00000, 0x00000000e0000000)
  object space 124928K, 28% used [0x00000000a0000000,0x00000000a224d740,0x00000000a7a00000)
 Metaspace       used 57316K, capacity 58910K, committed 59028K, reserved 1099776K
  class space    used 7749K, capacity 8138K, committed 8192K, reserved 1048576K
}
Event: 37.561 GC heap before
{Heap before GC invocations=17 (full 3):
 PSYoungGen      total 171008K, used 156160K [0x00000000e0000000, 0x00000000eda80000, 0x0000000100000000)
  eden space 156160K, 100% used [0x00000000e0000000,0x00000000e9880000,0x00000000e9880000)
  from space 14848K, 0% used [0x00000000e9880000,0x00000000e9880000,0x00000000ea700000)
  to   space 14848K, 0% used [0x00000000ecc00000,0x00000000ecc00000,0x00000000eda80000)
 ParOldGen       total 124928K, used 35125K [0x00000000a0000000, 0x00000000a7a00000, 0x00000000e0000000)
  object space 124928K, 28% used [0x00000000a0000000,0x00000000a224d740,0x00000000a7a00000)
 Metaspace       used 60177K, capacity 61790K, committed 61912K, reserved 1103872K
  class space    used 8025K, capacity 8394K, committed 8448K, reserved 1048576K
Event: 37.638 GC heap after
Heap after GC invocations=17 (full 3):
 PSYoungGen      total 171008K, used 14828K [0x00000000e0000000, 0x00000000eda80000, 0x0000000100000000)
  eden space 156160K, 0% used [0x00000000e0000000,0x00000000e0000000,0x00000000e9880000)
  from space 14848K, 99% used [0x00000000ecc00000,0x00000000eda7b248,0x00000000eda80000)
  to   space 14848K, 0% used [0x00000000e9880000,0x00000000e9880000,0x00000000ea700000)
 ParOldGen       total 124928K, used 65946K [0x00000000a0000000, 0x00000000a7a00000, 0x00000000e0000000)
  object space 124928K, 52% used [0x00000000a0000000,0x00000000a40669a0,0x00000000a7a00000)
 Metaspace       used 60177K, capacity 61790K, committed 61912K, reserved 1103872K
  class space    used 8025K, capacity 8394K, committed 8448K, reserved 1048576K
}
Event: 39.744 GC heap before
{Heap before GC invocations=18 (full 3):
 PSYoungGen      total 171008K, used 170988K [0x00000000e0000000, 0x00000000eda80000, 0x0000000100000000)
  eden space 156160K, 100% used [0x00000000e0000000,0x00000000e9880000,0x00000000e9880000)
  from space 14848K, 99% used [0x00000000ecc00000,0x00000000eda7b248,0x00000000eda80000)
  to   space 14848K, 0% used [0x00000000e9880000,0x00000000e9880000,0x00000000ea700000)
 ParOldGen       total 124928K, used 65946K [0x00000000a0000000, 0x00000000a7a00000, 0x00000000e0000000)
  object space 124928K, 52% used [0x00000000a0000000,0x00000000a40669a0,0x00000000a7a00000)
 Metaspace       used 61830K, capacity 63540K, committed 63832K, reserved 1103872K
  class space    used 8148K, capacity 8531K, committed 8576K, reserved 1048576K
Event: 39.901 GC heap after
Heap after GC invocations=18 (full 3):
 PSYoungGen      total 171008K, used 14845K [0x00000000e0000000, 0x00000000eda80000, 0x0000000100000000)
  eden space 156160K, 0% used [0x00000000e0000000,0x00000000e0000000,0x00000000e9880000)
  from space 14848K, 99% used [0x00000000e9880000,0x00000000ea6ff4e8,0x00000000ea700000)
  to   space 14848K, 0% used [0x00000000ecc00000,0x00000000ecc00000,0x00000000eda80000)
 ParOldGen       total 132096K, used 131841K [0x00000000a0000000, 0x00000000a8100000, 0x00000000e0000000)
  object space 132096K, 99% used [0x00000000a0000000,0x00000000a80c0630,0x00000000a8100000)
 Metaspace       used 61830K, capacity 63540K, committed 63832K, reserved 1103872K
  class space    used 8148K, capacity 8531K, committed 8576K, reserved 1048576K
}
Event: 39.901 GC heap before
{Heap before GC invocations=19 (full 4):
 PSYoungGen      total 171008K, used 14845K [0x00000000e0000000, 0x00000000eda80000, 0x0000000100000000)
  eden space 156160K, 0% used [0x00000000e0000000,0x00000000e0000000,0x00000000e9880000)
  from space 14848K, 99% used [0x00000000e9880000,0x00000000ea6ff4e8,0x00000000ea700000)
  to   space 14848K, 0% used [0x00000000ecc00000,0x00000000ecc00000,0x00000000eda80000)
 ParOldGen       total 132096K, used 131841K [0x00000000a0000000, 0x00000000a8100000, 0x00000000e0000000)
  object space 132096K, 99% used [0x00000000a0000000,0x00000000a80c0630,0x00000000a8100000)
 Metaspace       used 61830K, capacity 63540K, committed 63832K, reserved 1103872K
  class space    used 8148K, capacity 8531K, committed 8576K, reserved 1048576K
Event: 40.748 GC heap after
Heap after GC invocations=19 (full 4):
 PSYoungGen      total 171008K, used 11675K [0x00000000e0000000, 0x00000000eda80000, 0x0000000100000000)
  eden space 156160K, 0% used [0x00000000e0000000,0x00000000e0000000,0x00000000e9880000)
  from space 14848K, 78% used [0x00000000e9880000,0x00000000ea3e6cc8,0x00000000ea700000)
  to   space 14848K, 0% used [0x00000000ecc00000,0x00000000ecc00000,0x00000000eda80000)
 ParOldGen       total 132096K, used 132042K [0x00000000a0000000, 0x00000000a8100000, 0x00000000e0000000)
  object space 132096K, 99% used [0x00000000a0000000,0x00000000a80f29f0,0x00000000a8100000)
 Metaspace       used 61830K, capacity 63540K, committed 63832K, reserved 1103872K
  class space    used 8148K, capacity 8531K, committed 8576K, reserved 1048576K
}

