# JRE version: OpenJDK Runtime Environment (8.0_152-b02) (build 1.8.0_152-release-1024-b02)
# Java VM: OpenJDK 64-Bit Server VM (25.152-b02 mixed mode windows-amd64 compressed oops)
Heap:
 PSYoungGen      total 224768K, used 132164K [0x00000000e0000000, 0x00000000f2680000, 0x0000000100000000)
  eden space 197120K, 65% used [0x00000000e0000000,0x00000000e7e1bd18,0x00000000ec080000)
  from space 27648K, 10% used [0x00000000f0b80000,0x00000000f0e756d8,0x00000000f2680000)
  to   space 28160K, 0% used [0x00000000ec080000,0x00000000ec080000,0x00000000edc00000)
 ParOldGen       total 93184K, used 92844K [0x00000000a0000000, 0x00000000a5b00000, 0x00000000e0000000)
  object space 93184K, 99% used [0x00000000a0000000,0x00000000a5aab130,0x00000000a5b00000)
 Metaspace       used 62820K, capacity 64718K, committed 64856K, reserved 1105920K
  class space    used 8264K, capacity 8740K, committed 8832K, reserved 1048576K
GC Heap History (10 events):
Event: 78.284 GC heap before
{Heap before GC invocations=12 (full 2):
 PSYoungGen      total 175616K, used 175608K [0x00000000e0000000, 0x00000000ef000000, 0x0000000100000000)
  eden space 160768K, 100% used [0x00000000e0000000,0x00000000e9d00000,0x00000000e9d00000)
  from space 14848K, 99% used [0x00000000e9d00000,0x00000000eab7e078,0x00000000eab80000)
  to   space 20480K, 0% used [0x00000000edc00000,0x00000000edc00000,0x00000000ef000000)
 ParOldGen       total 93184K, used 28962K [0x00000000a0000000, 0x00000000a5b00000, 0x00000000e0000000)
  object space 93184K, 31% used [0x00000000a0000000,0x00000000a1c48908,0x00000000a5b00000)
 Metaspace       used 56075K, capacity 57760K, committed 57944K, reserved 1099776K
  class space    used 7575K, capacity 7981K, committed 8064K, reserved 1048576K
Event: 78.339 GC heap after
Heap after GC invocations=12 (full 2):
 PSYoungGen      total 217600K, used 20451K [0x00000000e0000000, 0x00000000efa80000, 0x0000000100000000)
  eden space 197120K, 0% used [0x00000000e0000000,0x00000000e0000000,0x00000000ec080000)
  from space 20480K, 99% used [0x00000000edc00000,0x00000000eeff8da8,0x00000000ef000000)
  to   space 28160K, 0% used [0x00000000ec080000,0x00000000ec080000,0x00000000edc00000)
 ParOldGen       total 93184K, used 42344K [0x00000000a0000000, 0x00000000a5b00000, 0x00000000e0000000)
  object space 93184K, 45% used [0x00000000a0000000,0x00000000a295a200,0x00000000a5b00000)
 Metaspace       used 56075K, capacity 57760K, committed 57944K, reserved 1099776K
  class space    used 7575K, capacity 7981K, committed 8064K, reserved 1048576K
}
Event: 83.244 GC heap before
{Heap before GC invocations=13 (full 2):
 PSYoungGen      total 217600K, used 78148K [0x00000000e0000000, 0x00000000efa80000, 0x0000000100000000)
  eden space 197120K, 29% used [0x00000000e0000000,0x00000000e38584e0,0x00000000ec080000)
  from space 20480K, 99% used [0x00000000edc00000,0x00000000eeff8da8,0x00000000ef000000)
  to   space 28160K, 0% used [0x00000000ec080000,0x00000000ec080000,0x00000000edc00000)
 ParOldGen       total 93184K, used 42344K [0x00000000a0000000, 0x00000000a5b00000, 0x00000000e0000000)
  object space 93184K, 45% used [0x00000000a0000000,0x00000000a295a200,0x00000000a5b00000)
 Metaspace       used 57145K, capacity 58962K, committed 59028K, reserved 1099776K
  class space    used 7729K, capacity 8186K, committed 8192K, reserved 1048576K
Event: 83.270 GC heap after
Heap after GC invocations=13 (full 2):
 PSYoungGen      total 225280K, used 4533K [0x00000000e0000000, 0x00000000f2680000, 0x0000000100000000)
  eden space 197120K, 0% used [0x00000000e0000000,0x00000000e0000000,0x00000000ec080000)
  from space 28160K, 16% used [0x00000000ec080000,0x00000000ec4ed738,0x00000000edc00000)
  to   space 27648K, 0% used [0x00000000f0b80000,0x00000000f0b80000,0x00000000f2680000)
 ParOldGen       total 93184K, used 54930K [0x00000000a0000000, 0x00000000a5b00000, 0x00000000e0000000)
  object space 93184K, 58% used [0x00000000a0000000,0x00000000a35a48c0,0x00000000a5b00000)
 Metaspace       used 57145K, capacity 58962K, committed 59028K, reserved 1099776K
  class space    used 7729K, capacity 8186K, committed 8192K, reserved 1048576K
}
Event: 83.270 GC heap before
{Heap before GC invocations=14 (full 3):
 PSYoungGen      total 225280K, used 4533K [0x00000000e0000000, 0x00000000f2680000, 0x0000000100000000)
  eden space 197120K, 0% used [0x00000000e0000000,0x00000000e0000000,0x00000000ec080000)
  from space 28160K, 16% used [0x00000000ec080000,0x00000000ec4ed738,0x00000000edc00000)
  to   space 27648K, 0% used [0x00000000f0b80000,0x00000000f0b80000,0x00000000f2680000)
 ParOldGen       total 93184K, used 54930K [0x00000000a0000000, 0x00000000a5b00000, 0x00000000e0000000)
  object space 93184K, 58% used [0x00000000a0000000,0x00000000a35a48c0,0x00000000a5b00000)
 Metaspace       used 57145K, capacity 58962K, committed 59028K, reserved 1099776K
  class space    used 7729K, capacity 8186K, committed 8192K, reserved 1048576K
Event: 83.492 GC heap after
Heap after GC invocations=14 (full 3):
 PSYoungGen      total 225280K, used 0K [0x00000000e0000000, 0x00000000f2680000, 0x0000000100000000)
  eden space 197120K, 0% used [0x00000000e0000000,0x00000000e0000000,0x00000000ec080000)
  from space 28160K, 0% used [0x00000000ec080000,0x00000000ec080000,0x00000000edc00000)
  to   space 27648K, 0% used [0x00000000f0b80000,0x00000000f0b80000,0x00000000f2680000)
 ParOldGen       total 93184K, used 34530K [0x00000000a0000000, 0x00000000a5b00000, 0x00000000e0000000)
  object space 93184K, 37% used [0x00000000a0000000,0x00000000a21b8b90,0x00000000a5b00000)
 Metaspace       used 57145K, capacity 58962K, committed 59028K, reserved 1099776K
  class space    used 7729K, capacity 8186K, committed 8192K, reserved 1048576K
}
Event: 93.235 GC heap before
{Heap before GC invocations=15 (full 3):
 PSYoungGen      total 225280K, used 197120K [0x00000000e0000000, 0x00000000f2680000, 0x0000000100000000)
  eden space 197120K, 100% used [0x00000000e0000000,0x00000000ec080000,0x00000000ec080000)
  from space 28160K, 0% used [0x00000000ec080000,0x00000000ec080000,0x00000000edc00000)
  to   space 27648K, 0% used [0x00000000f0b80000,0x00000000f0b80000,0x00000000f2680000)
 ParOldGen       total 93184K, used 34530K [0x00000000a0000000, 0x00000000a5b00000, 0x00000000e0000000)
  object space 93184K, 37% used [0x00000000a0000000,0x00000000a21b8b90,0x00000000a5b00000)
 Metaspace       used 61504K, capacity 63368K, committed 63448K, reserved 1103872K
  class space    used 8186K, capacity 8675K, committed 8704K, reserved 1048576K
Event: 93.313 GC heap after
Heap after GC invocations=15 (full 3):
 PSYoungGen      total 224768K, used 27639K [0x00000000e0000000, 0x00000000f2680000, 0x0000000100000000)
  eden space 197120K, 0% used [0x00000000e0000000,0x00000000e0000000,0x00000000ec080000)
  from space 27648K, 99% used [0x00000000f0b80000,0x00000000f267dd88,0x00000000f2680000)
  to   space 28160K, 0% used [0x00000000ec080000,0x00000000ec080000,0x00000000edc00000)
 ParOldGen       total 93184K, used 69785K [0x00000000a0000000, 0x00000000a5b00000, 0x00000000e0000000)
  object space 93184K, 74% used [0x00000000a0000000,0x00000000a44264f8,0x00000000a5b00000)
 Metaspace       used 61504K, capacity 63368K, committed 63448K, reserved 1103872K
  class space    used 8186K, capacity 8675K, committed 8704K, reserved 1048576K
}
Event: 93.313 GC heap before
{Heap before GC invocations=16 (full 4):
 PSYoungGen      total 224768K, used 27639K [0x00000000e0000000, 0x00000000f2680000, 0x0000000100000000)
  eden space 197120K, 0% used [0x00000000e0000000,0x00000000e0000000,0x00000000ec080000)
  from space 27648K, 99% used [0x00000000f0b80000,0x00000000f267dd88,0x00000000f2680000)
  to   space 28160K, 0% used [0x00000000ec080000,0x00000000ec080000,0x00000000edc00000)
 ParOldGen       total 93184K, used 69785K [0x00000000a0000000, 0x00000000a5b00000, 0x00000000e0000000)
  object space 93184K, 74% used [0x00000000a0000000,0x00000000a44264f8,0x00000000a5b00000)
 Metaspace       used 61504K, capacity 63368K, committed 63448K, reserved 1103872K
  class space    used 8186K, capacity 8675K, committed 8704K, reserved 1048576K
Event: 93.848 GC heap after
Heap after GC invocations=16 (full 4):
 PSYoungGen      total 224768K, used 3029K [0x00000000e0000000, 0x00000000f2680000, 0x0000000100000000)
  eden space 197120K, 0% used [0x00000000e0000000,0x00000000e0000000,0x00000000ec080000)
  from space 27648K, 10% used [0x00000000f0b80000,0x00000000f0e756d8,0x00000000f2680000)
  to   space 28160K, 0% used [0x00000000ec080000,0x00000000ec080000,0x00000000edc00000)
 ParOldGen       total 93184K, used 92844K [0x00000000a0000000, 0x00000000a5b00000, 0x00000000e0000000)
  object space 93184K, 99% used [0x00000000a0000000,0x00000000a5aab130,0x00000000a5b00000)
 Metaspace       used 61504K, capacity 63368K, committed 63448K, reserved 1103872K
  class space    used 8186K, capacity 8675K, committed 8704K, reserved 1048576K
}

