# JRE version: OpenJDK Runtime Environment (8.0_152-b02) (build 1.8.0_152-release-1024-b02)
# Java VM: OpenJDK 64-Bit Server VM (25.152-b02 mixed mode windows-amd64 compressed oops)
Heap:
 PSYoungGen      total 209408K, used 61037K [0x00000000e0000000, 0x00000000ee180000, 0x0000000100000000)
  eden space 200192K, 30% used [0x00000000e0000000,0x00000000e3b9b548,0x00000000ec380000)
  from space 9216K, 0% used [0x00000000ed880000,0x00000000ed880000,0x00000000ee180000)
  to   space 15360K, 0% used [0x00000000ec380000,0x00000000ec380000,0x00000000ed280000)
 ParOldGen       total 121344K, used 34319K [0x00000000a0000000, 0x00000000a7680000, 0x00000000e0000000)
  object space 121344K, 28% used [0x00000000a0000000,0x00000000a2183f28,0x00000000a7680000)
 Metaspace       used 61124K, capacity 62842K, committed 63064K, reserved 1103872K
  class space    used 8118K, capacity 8514K, committed 8576K, reserved 1048576K
GC Heap History (10 events):
Event: 15.454 GC heap before
{Heap before GC invocations=13 (full 2):
 PSYoungGen      total 131072K, used 130908K [0x00000000e0000000, 0x00000000e9300000, 0x0000000100000000)
  eden space 121344K, 100% used [0x00000000e0000000,0x00000000e7680000,0x00000000e7680000)
  from space 9728K, 98% used [0x00000000e8980000,0x00000000e92d72e8,0x00000000e9300000)
  to   space 11776K, 0% used [0x00000000e7c00000,0x00000000e7c00000,0x00000000e8780000)
 ParOldGen       total 77312K, used 14290K [0x00000000a0000000, 0x00000000a4b80000, 0x00000000e0000000)
  object space 77312K, 18% used [0x00000000a0000000,0x00000000a0df48f8,0x00000000a4b80000)
 Metaspace       used 50790K, capacity 52260K, committed 52440K, reserved 1093632K
  class space    used 6967K, capacity 7341K, committed 7424K, reserved 1048576K
Event: 15.486 GC heap after
Heap after GC invocations=13 (full 2):
 PSYoungGen      total 138752K, used 11746K [0x00000000e0000000, 0x00000000ebd80000, 0x0000000100000000)
  eden space 126976K, 0% used [0x00000000e0000000,0x00000000e0000000,0x00000000e7c00000)
  from space 11776K, 99% used [0x00000000e7c00000,0x00000000e8778bb8,0x00000000e8780000)
  to   space 15360K, 0% used [0x00000000eae80000,0x00000000eae80000,0x00000000ebd80000)
 ParOldGen       total 77312K, used 21241K [0x00000000a0000000, 0x00000000a4b80000, 0x00000000e0000000)
  object space 77312K, 27% used [0x00000000a0000000,0x00000000a14be668,0x00000000a4b80000)
 Metaspace       used 50790K, capacity 52260K, committed 52440K, reserved 1093632K
  class space    used 6967K, capacity 7341K, committed 7424K, reserved 1048576K
}
Event: 83.150 GC heap before
{Heap before GC invocations=14 (full 2):
 PSYoungGen      total 138752K, used 138722K [0x00000000e0000000, 0x00000000ebd80000, 0x0000000100000000)
  eden space 126976K, 100% used [0x00000000e0000000,0x00000000e7c00000,0x00000000e7c00000)
  from space 11776K, 99% used [0x00000000e7c00000,0x00000000e8778bb8,0x00000000e8780000)
  to   space 15360K, 0% used [0x00000000eae80000,0x00000000eae80000,0x00000000ebd80000)
 ParOldGen       total 77312K, used 21241K [0x00000000a0000000, 0x00000000a4b80000, 0x00000000e0000000)
  object space 77312K, 27% used [0x00000000a0000000,0x00000000a14be668,0x00000000a4b80000)
 Metaspace       used 54292K, capacity 55776K, committed 56152K, reserved 1097728K
  class space    used 7359K, capacity 7723K, committed 7808K, reserved 1048576K
Event: 83.172 GC heap after
Heap after GC invocations=14 (full 2):
 PSYoungGen      total 179200K, used 8800K [0x00000000e0000000, 0x00000000ebe80000, 0x0000000100000000)
  eden space 163840K, 0% used [0x00000000e0000000,0x00000000e0000000,0x00000000ea000000)
  from space 15360K, 57% used [0x00000000eae80000,0x00000000eb718108,0x00000000ebd80000)
  to   space 14848K, 0% used [0x00000000ea000000,0x00000000ea000000,0x00000000eae80000)
 ParOldGen       total 77312K, used 27511K [0x00000000a0000000, 0x00000000a4b80000, 0x00000000e0000000)
  object space 77312K, 35% used [0x00000000a0000000,0x00000000a1addcc0,0x00000000a4b80000)
 Metaspace       used 54292K, capacity 55776K, committed 56152K, reserved 1097728K
  class space    used 7359K, capacity 7723K, committed 7808K, reserved 1048576K
}
Event: 107.749 GC heap before
{Heap before GC invocations=15 (full 2):
 PSYoungGen      total 179200K, used 172640K [0x00000000e0000000, 0x00000000ebe80000, 0x0000000100000000)
  eden space 163840K, 100% used [0x00000000e0000000,0x00000000ea000000,0x00000000ea000000)
  from space 15360K, 57% used [0x00000000eae80000,0x00000000eb718108,0x00000000ebd80000)
  to   space 14848K, 0% used [0x00000000ea000000,0x00000000ea000000,0x00000000eae80000)
 ParOldGen       total 77312K, used 27511K [0x00000000a0000000, 0x00000000a4b80000, 0x00000000e0000000)
  object space 77312K, 35% used [0x00000000a0000000,0x00000000a1addcc0,0x00000000a4b80000)
 Metaspace       used 56581K, capacity 58120K, committed 58456K, reserved 1099776K
  class space    used 7550K, capacity 7939K, committed 8064K, reserved 1048576K
Event: 107.785 GC heap after
Heap after GC invocations=15 (full 2):
 PSYoungGen      total 178688K, used 3477K [0x00000000e0000000, 0x00000000ee780000, 0x0000000100000000)
  eden space 163840K, 0% used [0x00000000e0000000,0x00000000e0000000,0x00000000ea000000)
  from space 14848K, 23% used [0x00000000ea000000,0x00000000ea3654a0,0x00000000eae80000)
  to   space 15360K, 0% used [0x00000000ed880000,0x00000000ed880000,0x00000000ee780000)
 ParOldGen       total 77312K, used 33096K [0x00000000a0000000, 0x00000000a4b80000, 0x00000000e0000000)
  object space 77312K, 42% used [0x00000000a0000000,0x00000000a20521f0,0x00000000a4b80000)
 Metaspace       used 56581K, capacity 58120K, committed 58456K, reserved 1099776K
  class space    used 7550K, capacity 7939K, committed 8064K, reserved 1048576K
}
Event: 124.341 GC heap before
{Heap before GC invocations=16 (full 2):
 PSYoungGen      total 178688K, used 121147K [0x00000000e0000000, 0x00000000ee780000, 0x0000000100000000)
  eden space 163840K, 71% used [0x00000000e0000000,0x00000000e72e9a40,0x00000000ea000000)
  from space 14848K, 23% used [0x00000000ea000000,0x00000000ea3654a0,0x00000000eae80000)
  to   space 15360K, 0% used [0x00000000ed880000,0x00000000ed880000,0x00000000ee780000)
 ParOldGen       total 77312K, used 33096K [0x00000000a0000000, 0x00000000a4b80000, 0x00000000e0000000)
  object space 77312K, 42% used [0x00000000a0000000,0x00000000a20521f0,0x00000000a4b80000)
 Metaspace       used 57229K, capacity 58886K, committed 58968K, reserved 1099776K
  class space    used 7633K, capacity 8026K, committed 8064K, reserved 1048576K
Event: 124.350 GC heap after
Heap after GC invocations=16 (full 2):
 PSYoungGen      total 209408K, used 3441K [0x00000000e0000000, 0x00000000ee180000, 0x0000000100000000)
  eden space 200192K, 0% used [0x00000000e0000000,0x00000000e0000000,0x00000000ec380000)
  from space 9216K, 37% used [0x00000000ed880000,0x00000000edbdc7b8,0x00000000ee180000)
  to   space 15360K, 0% used [0x00000000ec380000,0x00000000ec380000,0x00000000ed280000)
 ParOldGen       total 77312K, used 33104K [0x00000000a0000000, 0x00000000a4b80000, 0x00000000e0000000)
  object space 77312K, 42% used [0x00000000a0000000,0x00000000a20541f0,0x00000000a4b80000)
 Metaspace       used 57229K, capacity 58886K, committed 58968K, reserved 1099776K
  class space    used 7633K, capacity 8026K, committed 8064K, reserved 1048576K
}
Event: 124.350 GC heap before
{Heap before GC invocations=17 (full 3):
 PSYoungGen      total 209408K, used 3441K [0x00000000e0000000, 0x00000000ee180000, 0x0000000100000000)
  eden space 200192K, 0% used [0x00000000e0000000,0x00000000e0000000,0x00000000ec380000)
  from space 9216K, 37% used [0x00000000ed880000,0x00000000edbdc7b8,0x00000000ee180000)
  to   space 15360K, 0% used [0x00000000ec380000,0x00000000ec380000,0x00000000ed280000)
 ParOldGen       total 77312K, used 33104K [0x00000000a0000000, 0x00000000a4b80000, 0x00000000e0000000)
  object space 77312K, 42% used [0x00000000a0000000,0x00000000a20541f0,0x00000000a4b80000)
 Metaspace       used 57229K, capacity 58886K, committed 58968K, reserved 1099776K
  class space    used 7633K, capacity 8026K, committed 8064K, reserved 1048576K
Event: 124.709 GC heap after
Heap after GC invocations=17 (full 3):
 PSYoungGen      total 209408K, used 0K [0x00000000e0000000, 0x00000000ee180000, 0x0000000100000000)
  eden space 200192K, 0% used [0x00000000e0000000,0x00000000e0000000,0x00000000ec380000)
  from space 9216K, 0% used [0x00000000ed880000,0x00000000ed880000,0x00000000ee180000)
  to   space 15360K, 0% used [0x00000000ec380000,0x00000000ec380000,0x00000000ed280000)
 ParOldGen       total 121344K, used 34319K [0x00000000a0000000, 0x00000000a7680000, 0x00000000e0000000)
  object space 121344K, 28% used [0x00000000a0000000,0x00000000a2183f28,0x00000000a7680000)
 Metaspace       used 57229K, capacity 58886K, committed 58968K, reserved 1099776K
  class space    used 7633K, capacity 8026K, committed 8064K, reserved 1048576K
}

