# JRE version: OpenJDK Runtime Environment (8.0_152-b02) (build 1.8.0_152-release-1024-b02)
# Java VM: OpenJDK 64-Bit Server VM (25.152-b02 mixed mode windows-amd64 compressed oops)
Heap:
 PSYoungGen      total 188928K, used 139724K [0x00000000e0000000, 0x00000000f0000000, 0x0000000100000000)
  eden space 173056K, 71% used [0x00000000e0000000,0x00000000e78f6ed0,0x00000000ea900000)
  from space 15872K, 99% used [0x00000000ef080000,0x00000000efffc228,0x00000000f0000000)
  to   space 15360K, 0% used [0x00000000ea900000,0x00000000ea900000,0x00000000eb800000)
 ParOldGen       total 118784K, used 78311K [0x00000000a0000000, 0x00000000a7400000, 0x00000000e0000000)
  object space 118784K, 65% used [0x00000000a0000000,0x00000000a4c79dd8,0x00000000a7400000)
 Metaspace       used 60149K, capacity 61894K, committed 62040K, reserved 1103872K
  class space    used 8031K, capacity 8470K, committed 8576K, reserved 1048576K
GC Heap History (10 events):
Event: 13.017 GC heap before
{Heap before GC invocations=13 (full 2):
 PSYoungGen      total 133120K, used 132758K [0x00000000e0000000, 0x00000000e9400000, 0x0000000100000000)
  eden space 123392K, 100% used [0x00000000e0000000,0x00000000e7880000,0x00000000e7880000)
  from space 9728K, 96% used [0x00000000e8a80000,0x00000000e93a5958,0x00000000e9400000)
  to   space 11776K, 0% used [0x00000000e7d00000,0x00000000e7d00000,0x00000000e8880000)
 ParOldGen       total 75264K, used 14195K [0x00000000a0000000, 0x00000000a4980000, 0x00000000e0000000)
  object space 75264K, 18% used [0x00000000a0000000,0x00000000a0ddcd38,0x00000000a4980000)
 Metaspace       used 51224K, capacity 52812K, committed 53080K, reserved 1095680K
  class space    used 7054K, capacity 7437K, committed 7552K, reserved 1048576K
Event: 13.060 GC heap after
Heap after GC invocations=13 (full 2):
 PSYoungGen      total 139776K, used 11761K [0x00000000e0000000, 0x00000000ec780000, 0x0000000100000000)
  eden space 128000K, 0% used [0x00000000e0000000,0x00000000e0000000,0x00000000e7d00000)
  from space 11776K, 99% used [0x00000000e7d00000,0x00000000e887c4a0,0x00000000e8880000)
  to   space 15872K, 0% used [0x00000000eb800000,0x00000000eb800000,0x00000000ec780000)
 ParOldGen       total 75264K, used 21370K [0x00000000a0000000, 0x00000000a4980000, 0x00000000e0000000)
  object space 75264K, 28% used [0x00000000a0000000,0x00000000a14deb08,0x00000000a4980000)
 Metaspace       used 51224K, capacity 52812K, committed 53080K, reserved 1095680K
  class space    used 7054K, capacity 7437K, committed 7552K, reserved 1048576K
}
Event: 18.808 GC heap before
{Heap before GC invocations=14 (full 2):
 PSYoungGen      total 139776K, used 139761K [0x00000000e0000000, 0x00000000ec780000, 0x0000000100000000)
  eden space 128000K, 100% used [0x00000000e0000000,0x00000000e7d00000,0x00000000e7d00000)
  from space 11776K, 99% used [0x00000000e7d00000,0x00000000e887c4a0,0x00000000e8880000)
  to   space 15872K, 0% used [0x00000000eb800000,0x00000000eb800000,0x00000000ec780000)
 ParOldGen       total 75264K, used 21370K [0x00000000a0000000, 0x00000000a4980000, 0x00000000e0000000)
  object space 75264K, 28% used [0x00000000a0000000,0x00000000a14deb08,0x00000000a4980000)
 Metaspace       used 53896K, capacity 55554K, committed 55640K, reserved 1097728K
  class space    used 7363K, capacity 7782K, committed 7808K, reserved 1048576K
Event: 18.833 GC heap after
Heap after GC invocations=14 (full 2):
 PSYoungGen      total 188928K, used 9424K [0x00000000e0000000, 0x00000000ec880000, 0x0000000100000000)
  eden space 173056K, 0% used [0x00000000e0000000,0x00000000e0000000,0x00000000ea900000)
  from space 15872K, 59% used [0x00000000eb800000,0x00000000ec1340f0,0x00000000ec780000)
  to   space 15360K, 0% used [0x00000000ea900000,0x00000000ea900000,0x00000000eb800000)
 ParOldGen       total 75264K, used 27777K [0x00000000a0000000, 0x00000000a4980000, 0x00000000e0000000)
  object space 75264K, 36% used [0x00000000a0000000,0x00000000a1b20428,0x00000000a4980000)
 Metaspace       used 53896K, capacity 55554K, committed 55640K, reserved 1097728K
  class space    used 7363K, capacity 7782K, committed 7808K, reserved 1048576K
}
Event: 21.444 GC heap before
{Heap before GC invocations=15 (full 2):
 PSYoungGen      total 188928K, used 33650K [0x00000000e0000000, 0x00000000ec880000, 0x0000000100000000)
  eden space 173056K, 13% used [0x00000000e0000000,0x00000000e17a8970,0x00000000ea900000)
  from space 15872K, 59% used [0x00000000eb800000,0x00000000ec1340f0,0x00000000ec780000)
  to   space 15360K, 0% used [0x00000000ea900000,0x00000000ea900000,0x00000000eb800000)
 ParOldGen       total 75264K, used 27777K [0x00000000a0000000, 0x00000000a4980000, 0x00000000e0000000)
  object space 75264K, 36% used [0x00000000a0000000,0x00000000a1b20428,0x00000000a4980000)
 Metaspace       used 57182K, capacity 58838K, committed 58968K, reserved 1099776K
  class space    used 7826K, capacity 8238K, committed 8320K, reserved 1048576K
Event: 21.457 GC heap after
Heap after GC invocations=15 (full 2):
 PSYoungGen      total 188416K, used 1630K [0x00000000e0000000, 0x00000000f0000000, 0x0000000100000000)
  eden space 173056K, 0% used [0x00000000e0000000,0x00000000e0000000,0x00000000ea900000)
  from space 15360K, 10% used [0x00000000ea900000,0x00000000eaa979c8,0x00000000eb800000)
  to   space 15872K, 0% used [0x00000000ef080000,0x00000000ef080000,0x00000000f0000000)
 ParOldGen       total 75264K, used 35426K [0x00000000a0000000, 0x00000000a4980000, 0x00000000e0000000)
  object space 75264K, 47% used [0x00000000a0000000,0x00000000a2298a68,0x00000000a4980000)
 Metaspace       used 57182K, capacity 58838K, committed 58968K, reserved 1099776K
  class space    used 7826K, capacity 8238K, committed 8320K, reserved 1048576K
}
Event: 21.457 GC heap before
{Heap before GC invocations=16 (full 3):
 PSYoungGen      total 188416K, used 1630K [0x00000000e0000000, 0x00000000f0000000, 0x0000000100000000)
  eden space 173056K, 0% used [0x00000000e0000000,0x00000000e0000000,0x00000000ea900000)
  from space 15360K, 10% used [0x00000000ea900000,0x00000000eaa979c8,0x00000000eb800000)
  to   space 15872K, 0% used [0x00000000ef080000,0x00000000ef080000,0x00000000f0000000)
 ParOldGen       total 75264K, used 35426K [0x00000000a0000000, 0x00000000a4980000, 0x00000000e0000000)
  object space 75264K, 47% used [0x00000000a0000000,0x00000000a2298a68,0x00000000a4980000)
 Metaspace       used 57182K, capacity 58838K, committed 58968K, reserved 1099776K
  class space    used 7826K, capacity 8238K, committed 8320K, reserved 1048576K
Event: 21.802 GC heap after
Heap after GC invocations=16 (full 3):
 PSYoungGen      total 188416K, used 0K [0x00000000e0000000, 0x00000000f0000000, 0x0000000100000000)
  eden space 173056K, 0% used [0x00000000e0000000,0x00000000e0000000,0x00000000ea900000)
  from space 15360K, 0% used [0x00000000ea900000,0x00000000ea900000,0x00000000eb800000)
  to   space 15872K, 0% used [0x00000000ef080000,0x00000000ef080000,0x00000000f0000000)
 ParOldGen       total 118784K, used 34541K [0x00000000a0000000, 0x00000000a7400000, 0x00000000e0000000)
  object space 118784K, 29% used [0x00000000a0000000,0x00000000a21bb5a8,0x00000000a7400000)
 Metaspace       used 57182K, capacity 58838K, committed 58968K, reserved 1099776K
  class space    used 7826K, capacity 8238K, committed 8320K, reserved 1048576K
}
Event: 25.341 GC heap before
{Heap before GC invocations=17 (full 3):
 PSYoungGen      total 188416K, used 173056K [0x00000000e0000000, 0x00000000f0000000, 0x0000000100000000)
  eden space 173056K, 100% used [0x00000000e0000000,0x00000000ea900000,0x00000000ea900000)
  from space 15360K, 0% used [0x00000000ea900000,0x00000000ea900000,0x00000000eb800000)
  to   space 15872K, 0% used [0x00000000ef080000,0x00000000ef080000,0x00000000f0000000)
 ParOldGen       total 118784K, used 34541K [0x00000000a0000000, 0x00000000a7400000, 0x00000000e0000000)
  object space 118784K, 29% used [0x00000000a0000000,0x00000000a21bb5a8,0x00000000a7400000)
 Metaspace       used 59101K, capacity 60838K, committed 61144K, reserved 1101824K
  class space    used 7954K, capacity 8374K, committed 8448K, reserved 1048576K
Event: 25.432 GC heap after
Heap after GC invocations=17 (full 3):
 PSYoungGen      total 188928K, used 15856K [0x00000000e0000000, 0x00000000f0000000, 0x0000000100000000)
  eden space 173056K, 0% used [0x00000000e0000000,0x00000000e0000000,0x00000000ea900000)
  from space 15872K, 99% used [0x00000000ef080000,0x00000000efffc228,0x00000000f0000000)
  to   space 15360K, 0% used [0x00000000ea900000,0x00000000ea900000,0x00000000eb800000)
 ParOldGen       total 118784K, used 78311K [0x00000000a0000000, 0x00000000a7400000, 0x00000000e0000000)
  object space 118784K, 65% used [0x00000000a0000000,0x00000000a4c79dd8,0x00000000a7400000)
 Metaspace       used 59101K, capacity 60838K, committed 61144K, reserved 1101824K
  class space    used 7954K, capacity 8374K, committed 8448K, reserved 1048576K
}

